[     644ms] [INFO] %cDownload the React DevTools for a better development experience: https://reactjs.org/link/react-devtools font-weight:bold @ http://localhost:5199/node_modules/.vite/deps/chunk-X7GEHZVV.js?v=bfcd5405:21548
[     781ms] [ERROR] Failed to load resource: the server responded with a status of 404 (Not Found) @ http://localhost:5199/favicon.ico:0
[   19790ms] TypeError: Cannot read properties of undefined (reading 'name')
    at Object.print (http://localhost:5199/src/demos/hello/HelloDemo.tsx:44:31)
    at PTypes.print (http://localhost:5199/@fs/home/manuel/code/wesen/2026-07-12--clim-jsx/packages/core/src/ptype.ts:51:32)
    at pointerDoc (http://localhost:5199/@fs/home/manuel/code/wesen/2026-07-12--clim-jsx/packages/core/src/docline.ts:20:29)
    at MouseDocBar (http://localhost:5199/@fs/home/manuel/code/wesen/2026-07-12--clim-jsx/packages/chrome/src/mouse-doc.tsx:26:79)
    at renderWithHooks (http://localhost:5199/node_modules/.vite/deps/chunk-X7GEHZVV.js?v=bfcd5405:11546:26)
    at updateFunctionComponent (http://localhost:5199/node_modules/.vite/deps/chunk-X7GEHZVV.js?v=bfcd5405:14580:28)
    at beginWork (http://localhost:5199/node_modules/.vite/deps/chunk-X7GEHZVV.js?v=bfcd5405:15922:22)
    at HTMLUnknownElement.callCallback2 (http://localhost:5199/node_modules/.vite/deps/chunk-X7GEHZVV.js?v=bfcd5405:3672:22)
    at Object.invokeGuardedCallbackDev (http://localhost:5199/node_modules/.vite/deps/chunk-X7GEHZVV.js?v=bfcd5405:3697:24)
    at invokeGuardedCallback (http://localhost:5199/node_modules/.vite/deps/chunk-X7GEHZVV.js?v=bfcd5405:3731:39)
[   19793ms] TypeError: Cannot read properties of undefined (reading 'name')
    at Object.print (http://localhost:5199/src/demos/hello/HelloDemo.tsx:44:31)
    at PTypes.print (http://localhost:5199/@fs/home/manuel/code/wesen/2026-07-12--clim-jsx/packages/core/src/ptype.ts:51:32)
    at pointerDoc (http://localhost:5199/@fs/home/manuel/code/wesen/2026-07-12--clim-jsx/packages/core/src/docline.ts:20:29)
    at MouseDocBar (http://localhost:5199/@fs/home/manuel/code/wesen/2026-07-12--clim-jsx/packages/chrome/src/mouse-doc.tsx:26:79)
    at renderWithHooks (http://localhost:5199/node_modules/.vite/deps/chunk-X7GEHZVV.js?v=bfcd5405:11546:26)
    at updateFunctionComponent (http://localhost:5199/node_modules/.vite/deps/chunk-X7GEHZVV.js?v=bfcd5405:14580:28)
    at beginWork (http://localhost:5199/node_modules/.vite/deps/chunk-X7GEHZVV.js?v=bfcd5405:15922:22)
    at HTMLUnknownElement.callCallback2 (http://localhost:5199/node_modules/.vite/deps/chunk-X7GEHZVV.js?v=bfcd5405:3672:22)
    at Object.invokeGuardedCallbackDev (http://localhost:5199/node_modules/.vite/deps/chunk-X7GEHZVV.js?v=bfcd5405:3697:24)
    at invokeGuardedCallback (http://localhost:5199/node_modules/.vite/deps/chunk-X7GEHZVV.js?v=bfcd5405:3731:39)
[   19794ms] [ERROR] The above error occurred in the <MouseDocBar> component:

    at MouseDocBar (http://localhost:5199/@fs/home/manuel/code/wesen/2026-07-12--clim-jsx/packages/chrome/src/mouse-doc.tsx:23:18)
    at div
    at HelloApp (http://localhost:5199/src/demos/hello/HelloDemo.tsx:210:21)
    at PbuiProvider (http://localhost:5199/@fs/home/manuel/code/wesen/2026-07-12--clim-jsx/packages/react/src/provider.tsx:27:11)
    at HelloDemo (http://localhost:5199/src/demos/hello/HelloDemo.tsx:273:29)
    at Suspense
    at Launcher (http://localhost:5199/src/main.tsx:25:27)

Consider adding an error boundary to your tree to customize error handling behavior.
Visit https://reactjs.org/link/error-boundaries to learn more about error boundaries. @ http://localhost:5199/node_modules/.vite/deps/chunk-X7GEHZVV.js?v=bfcd5405:14029
[   19794ms] TypeError: Cannot read properties of undefined (reading 'name')
    at Object.print (http://localhost:5199/src/demos/hello/HelloDemo.tsx:44:31)
    at PTypes.print (http://localhost:5199/@fs/home/manuel/code/wesen/2026-07-12--clim-jsx/packages/core/src/ptype.ts:51:32)
    at pointerDoc (http://localhost:5199/@fs/home/manuel/code/wesen/2026-07-12--clim-jsx/packages/core/src/docline.ts:20:29)
    at MouseDocBar (http://localhost:5199/@fs/home/manuel/code/wesen/2026-07-12--clim-jsx/packages/chrome/src/mouse-doc.tsx:26:79)
    at renderWithHooks (http://localhost:5199/node_modules/.vite/deps/chunk-X7GEHZVV.js?v=bfcd5405:11546:26)
    at updateFunctionComponent (http://localhost:5199/node_modules/.vite/deps/chunk-X7GEHZVV.js?v=bfcd5405:14580:28)
    at beginWork (http://localhost:5199/node_modules/.vite/deps/chunk-X7GEHZVV.js?v=bfcd5405:15922:22)
    at beginWork$1 (http://localhost:5199/node_modules/.vite/deps/chunk-X7GEHZVV.js?v=bfcd5405:19751:22)
    at performUnitOfWork (http://localhost:5199/node_modules/.vite/deps/chunk-X7GEHZVV.js?v=bfcd5405:19196:20)
    at workLoopSync (http://localhost:5199/node_modules/.vite/deps/chunk-X7GEHZVV.js?v=bfcd5405:19135:13)
[   60618ms] TypeError: Cannot read properties of undefined (reading 'name')
    at Object.print (http://localhost:5199/src/demos/hello/HelloDemo.tsx?t=1783894051623:44:31)
    at PTypes.print (http://localhost:5199/@fs/home/manuel/code/wesen/2026-07-12--clim-jsx/packages/core/src/ptype.ts:51:32)
    at pointerDoc (http://localhost:5199/@fs/home/manuel/code/wesen/2026-07-12--clim-jsx/packages/core/src/docline.ts:20:29)
    at MouseDocBar (http://localhost:5199/@fs/home/manuel/code/wesen/2026-07-12--clim-jsx/packages/chrome/src/mouse-doc.tsx:26:79)
    at renderWithHooks (http://localhost:5199/node_modules/.vite/deps/chunk-X7GEHZVV.js?v=bfcd5405:11546:26)
    at updateFunctionComponent (http://localhost:5199/node_modules/.vite/deps/chunk-X7GEHZVV.js?v=bfcd5405:14580:28)
    at beginWork (http://localhost:5199/node_modules/.vite/deps/chunk-X7GEHZVV.js?v=bfcd5405:15922:22)
    at HTMLUnknownElement.callCallback2 (http://localhost:5199/node_modules/.vite/deps/chunk-X7GEHZVV.js?v=bfcd5405:3672:22)
    at Object.invokeGuardedCallbackDev (http://localhost:5199/node_modules/.vite/deps/chunk-X7GEHZVV.js?v=bfcd5405:3697:24)
    at invokeGuardedCallback (http://localhost:5199/node_modules/.vite/deps/chunk-X7GEHZVV.js?v=bfcd5405:3731:39)
[   60619ms] TypeError: Cannot read properties of undefined (reading 'name')
    at Object.print (http://localhost:5199/src/demos/hello/HelloDemo.tsx?t=1783894051623:44:31)
    at PTypes.print (http://localhost:5199/@fs/home/manuel/code/wesen/2026-07-12--clim-jsx/packages/core/src/ptype.ts:51:32)
    at pointerDoc (http://localhost:5199/@fs/home/manuel/code/wesen/2026-07-12--clim-jsx/packages/core/src/docline.ts:20:29)
    at MouseDocBar (http://localhost:5199/@fs/home/manuel/code/wesen/2026-07-12--clim-jsx/packages/chrome/src/mouse-doc.tsx:26:79)
    at renderWithHooks (http://localhost:5199/node_modules/.vite/deps/chunk-X7GEHZVV.js?v=bfcd5405:11546:26)
    at updateFunctionComponent (http://localhost:5199/node_modules/.vite/deps/chunk-X7GEHZVV.js?v=bfcd5405:14580:28)
    at beginWork (http://localhost:5199/node_modules/.vite/deps/chunk-X7GEHZVV.js?v=bfcd5405:15922:22)
    at HTMLUnknownElement.callCallback2 (http://localhost:5199/node_modules/.vite/deps/chunk-X7GEHZVV.js?v=bfcd5405:3672:22)
    at Object.invokeGuardedCallbackDev (http://localhost:5199/node_modules/.vite/deps/chunk-X7GEHZVV.js?v=bfcd5405:3697:24)
    at invokeGuardedCallback (http://localhost:5199/node_modules/.vite/deps/chunk-X7GEHZVV.js?v=bfcd5405:3731:39)
[   60620ms] [ERROR] The above error occurred in the <MouseDocBar> component:

    at MouseDocBar (http://localhost:5199/@fs/home/manuel/code/wesen/2026-07-12--clim-jsx/packages/chrome/src/mouse-doc.tsx:23:18)
    at div
    at HelloApp (http://localhost:5199/src/demos/hello/HelloDemo.tsx?t=1783894051623:210:21)
    at PbuiProvider (http://localhost:5199/@fs/home/manuel/code/wesen/2026-07-12--clim-jsx/packages/react/src/provider.tsx:27:11)
    at HelloDemo (http://localhost:5199/src/demos/hello/HelloDemo.tsx?t=1783894051623:276:29)
    at Suspense
    at Launcher (http://localhost:5199/src/main.tsx:25:27)

Consider adding an error boundary to your tree to customize error handling behavior.
Visit https://reactjs.org/link/error-boundaries to learn more about error boundaries. @ http://localhost:5199/node_modules/.vite/deps/chunk-X7GEHZVV.js?v=bfcd5405:14029
[   60620ms] TypeError: Cannot read properties of undefined (reading 'name')
    at Object.print (http://localhost:5199/src/demos/hello/HelloDemo.tsx?t=1783894051623:44:31)
    at PTypes.print (http://localhost:5199/@fs/home/manuel/code/wesen/2026-07-12--clim-jsx/packages/core/src/ptype.ts:51:32)
    at pointerDoc (http://localhost:5199/@fs/home/manuel/code/wesen/2026-07-12--clim-jsx/packages/core/src/docline.ts:20:29)
    at MouseDocBar (http://localhost:5199/@fs/home/manuel/code/wesen/2026-07-12--clim-jsx/packages/chrome/src/mouse-doc.tsx:26:79)
    at renderWithHooks (http://localhost:5199/node_modules/.vite/deps/chunk-X7GEHZVV.js?v=bfcd5405:11546:26)
    at updateFunctionComponent (http://localhost:5199/node_modules/.vite/deps/chunk-X7GEHZVV.js?v=bfcd5405:14580:28)
    at beginWork (http://localhost:5199/node_modules/.vite/deps/chunk-X7GEHZVV.js?v=bfcd5405:15922:22)
    at beginWork$1 (http://localhost:5199/node_modules/.vite/deps/chunk-X7GEHZVV.js?v=bfcd5405:19751:22)
    at performUnitOfWork (http://localhost:5199/node_modules/.vite/deps/chunk-X7GEHZVV.js?v=bfcd5405:19196:20)
    at workLoopSync (http://localhost:5199/node_modules/.vite/deps/chunk-X7GEHZVV.js?v=bfcd5405:19135:13)
[  607322ms] [INFO] %cDownload the React DevTools for a better development experience: https://reactjs.org/link/react-devtools font-weight:bold @ http://localhost:5199/node_modules/.vite/deps/chunk-X7GEHZVV.js?v=bfcd5405:21548
